TN:
SF:.eslintrc.js
FNF:0
FNH:0
DA:1,0
LF:1
LH:0
BRF:0
BRH:0
end_of_record
TN:
SF:coverage\lcov-report\block-navigation.js
FN:2,init
FN:24,toggleClass
FN:31,makeCurrent
FN:41,goToPrevious
FN:52,goToNext
FN:65,jump
FNF:6
FNH:0
FNDA:0,init
FNDA:0,toggleClass
FNDA:0,makeCurrent
FNDA:0,goToPrevious
FNDA:0,goToNext
FNDA:0,jump
DA:2,0
DA:4,0
DA:7,0
DA:10,0
DA:14,0
DA:20,0
DA:25,0
DA:28,0
DA:32,0
DA:33,0
DA:34,0
DA:42,0
DA:43,0
DA:44,0
DA:45,0
DA:46,0
DA:49,0
DA:53,0
DA:55,0
DA:59,0
DA:62,0
DA:65,0
DA:66,0
DA:71,0
DA:74,0
DA:77,0
DA:78,0
DA:82,0
DA:83,0
DA:87,0
LF:30
LH:0
BRDA:43,0,0,0
BRDA:43,0,1,0
BRDA:43,1,0,0
BRDA:43,1,1,0
BRDA:45,2,0,0
BRDA:45,2,1,0
BRDA:55,3,0,0
BRDA:55,3,1,0
BRDA:56,4,0,0
BRDA:56,4,1,0
BRDA:66,5,0,0
BRDA:66,5,1,0
BRDA:67,6,0,0
BRDA:67,6,1,0
BRDA:74,7,0,0
BRDA:74,7,1,0
BRDA:74,7,2,0
BRDA:74,7,3,0
BRDA:74,7,4,0
BRF:19
BRH:0
end_of_record
TN:
SF:coverage\lcov-report\prettify.js
FN:2,(anonymous_0)
FN:2,k
FN:2,ab
FN:2,T
FN:2,X
FN:2,(anonymous_5)
FN:2,W
FN:2,(anonymous_7)
FN:2,a
FN:2,aa
FN:2,B
FN:2,o
FN:2,g
FN:2,(anonymous_13)
FN:2,(anonymous_14)
FN:2,i
FN:2,Q
FN:2,ae
FN:2,ad
FN:2,ai
FN:2,D
FN:2,c
FN:2,q
FN:2,d
FN:2,y
FN:2,b
FN:2,Y
FN:2,(anonymous_27)
FN:2,U
FNF:29
FNH:0
FNDA:0,(anonymous_0)
FNDA:0,k
FNDA:0,ab
FNDA:0,T
FNDA:0,X
FNDA:0,(anonymous_5)
FNDA:0,W
FNDA:0,(anonymous_7)
FNDA:0,a
FNDA:0,aa
FNDA:0,B
FNDA:0,o
FNDA:0,g
FNDA:0,(anonymous_13)
FNDA:0,(anonymous_14)
FNDA:0,i
FNDA:0,Q
FNDA:0,ae
FNDA:0,ad
FNDA:0,ai
FNDA:0,D
FNDA:0,c
FNDA:0,q
FNDA:0,d
FNDA:0,y
FNDA:0,b
FNDA:0,Y
FNDA:0,(anonymous_27)
FNDA:0,U
DA:2,0
LF:1
LH:0
BRDA:2,0,0,0
BRDA:2,0,1,0
BRDA:2,1,0,0
BRDA:2,1,1,0
BRDA:2,2,0,0
BRDA:2,2,1,0
BRDA:2,3,0,0
BRDA:2,3,1,0
BRDA:2,4,0,0
BRDA:2,4,1,0
BRDA:2,5,0,0
BRDA:2,5,1,0
BRDA:2,6,0,0
BRDA:2,6,1,0
BRDA:2,7,0,0
BRDA:2,7,1,0
BRDA:2,8,0,0
BRDA:2,8,1,0
BRDA:2,9,0,0
BRDA:2,9,1,0
BRDA:2,10,0,0
BRDA:2,10,1,0
BRDA:2,11,0,0
BRDA:2,11,1,0
BRDA:2,11,2,0
BRDA:2,11,3,0
BRDA:2,12,0,0
BRDA:2,12,1,0
BRDA:2,13,0,0
BRDA:2,13,1,0
BRDA:2,14,0,0
BRDA:2,14,1,0
BRDA:2,15,0,0
BRDA:2,15,1,0
BRDA:2,16,0,0
BRDA:2,16,1,0
BRDA:2,17,0,0
BRDA:2,17,1,0
BRDA:2,18,0,0
BRDA:2,18,1,0
BRDA:2,19,0,0
BRDA:2,19,1,0
BRDA:2,20,0,0
BRDA:2,20,1,0
BRDA:2,21,0,0
BRDA:2,21,1,0
BRDA:2,22,0,0
BRDA:2,22,1,0
BRDA:2,23,0,0
BRDA:2,23,1,0
BRDA:2,24,0,0
BRDA:2,24,1,0
BRDA:2,25,0,0
BRDA:2,25,1,0
BRDA:2,26,0,0
BRDA:2,26,1,0
BRDA:2,27,0,0
BRDA:2,27,1,0
BRDA:2,28,0,0
BRDA:2,28,1,0
BRDA:2,29,0,0
BRDA:2,29,1,0
BRDA:2,30,0,0
BRDA:2,30,1,0
BRDA:2,31,0,0
BRDA:2,31,1,0
BRDA:2,32,0,0
BRDA:2,32,1,0
BRDA:2,33,0,0
BRDA:2,33,1,0
BRDA:2,34,0,0
BRDA:2,34,1,0
BRDA:2,35,0,0
BRDA:2,35,1,0
BRDA:2,36,0,0
BRDA:2,36,1,0
BRDA:2,37,0,0
BRDA:2,37,1,0
BRDA:2,38,0,0
BRDA:2,38,1,0
BRDA:2,39,0,0
BRDA:2,39,1,0
BRDA:2,40,0,0
BRDA:2,40,1,0
BRDA:2,41,0,0
BRDA:2,41,1,0
BRDA:2,42,0,0
BRDA:2,42,1,0
BRDA:2,43,0,0
BRDA:2,43,1,0
BRDA:2,44,0,0
BRDA:2,44,1,0
BRDA:2,45,0,0
BRDA:2,45,1,0
BRDA:2,46,0,0
BRDA:2,46,1,0
BRDA:2,47,0,0
BRDA:2,47,1,0
BRDA:2,48,0,0
BRDA:2,48,1,0
BRDA:2,49,0,0
BRDA:2,49,1,0
BRDA:2,50,0,0
BRDA:2,50,1,0
BRDA:2,50,2,0
BRDA:2,51,0,0
BRDA:2,51,1,0
BRDA:2,52,0,0
BRDA:2,52,1,0
BRDA:2,53,0,0
BRDA:2,53,1,0
BRDA:2,54,0,0
BRDA:2,54,1,0
BRDA:2,55,0,0
BRDA:2,55,1,0
BRDA:2,56,0,0
BRDA:2,56,1,0
BRDA:2,57,0,0
BRDA:2,57,1,0
BRDA:2,58,0,0
BRDA:2,58,1,0
BRDA:2,59,0,0
BRDA:2,59,1,0
BRDA:2,60,0,0
BRDA:2,60,1,0
BRDA:2,61,0,0
BRDA:2,61,1,0
BRDA:2,62,0,0
BRDA:2,62,1,0
BRDA:2,63,0,0
BRDA:2,63,1,0
BRDA:2,64,0,0
BRDA:2,64,1,0
BRDA:2,65,0,0
BRDA:2,65,1,0
BRDA:2,66,0,0
BRDA:2,66,1,0
BRDA:2,67,0,0
BRDA:2,67,1,0
BRDA:2,68,0,0
BRDA:2,68,1,0
BRDA:2,69,0,0
BRDA:2,69,1,0
BRDA:2,70,0,0
BRDA:2,70,1,0
BRDA:2,71,0,0
BRDA:2,71,1,0
BRDA:2,72,0,0
BRDA:2,72,1,0
BRDA:2,73,0,0
BRDA:2,73,1,0
BRDA:2,74,0,0
BRDA:2,74,1,0
BRDA:2,75,0,0
BRDA:2,75,1,0
BRDA:2,76,0,0
BRDA:2,76,1,0
BRDA:2,77,0,0
BRDA:2,77,1,0
BRDA:2,78,0,0
BRDA:2,78,1,0
BRDA:2,79,0,0
BRDA:2,79,1,0
BRDA:2,80,0,0
BRDA:2,80,1,0
BRDA:2,81,0,0
BRDA:2,81,1,0
BRDA:2,82,0,0
BRDA:2,82,1,0
BRDA:2,83,0,0
BRDA:2,83,1,0
BRDA:2,84,0,0
BRDA:2,84,1,0
BRDA:2,85,0,0
BRDA:2,85,1,0
BRDA:2,86,0,0
BRDA:2,86,1,0
BRDA:2,87,0,0
BRDA:2,87,1,0
BRDA:2,88,0,0
BRDA:2,88,1,0
BRDA:2,89,0,0
BRDA:2,89,1,0
BRDA:2,89,2,0
BRDA:2,90,0,0
BRDA:2,90,1,0
BRDA:2,91,0,0
BRDA:2,91,1,0
BRDA:2,92,0,0
BRDA:2,92,1,0
BRDA:2,93,0,0
BRDA:2,93,1,0
BRDA:2,94,0,0
BRDA:2,94,1,0
BRDA:2,95,0,0
BRDA:2,95,1,0
BRDA:2,96,0,0
BRDA:2,96,1,0
BRDA:2,97,0,0
BRDA:2,97,1,0
BRDA:2,98,0,0
BRDA:2,98,1,0
BRDA:2,99,0,0
BRDA:2,99,1,0
BRDA:2,100,0,0
BRDA:2,100,1,0
BRDA:2,101,0,0
BRDA:2,101,1,0
BRDA:2,102,0,0
BRDA:2,102,1,0
BRDA:2,103,0,0
BRDA:2,103,1,0
BRDA:2,104,0,0
BRDA:2,104,1,0
BRDA:2,105,0,0
BRDA:2,105,1,0
BRDA:2,106,0,0
BRDA:2,106,1,0
BRDA:2,107,0,0
BRDA:2,107,1,0
BRDA:2,108,0,0
BRDA:2,108,1,0
BRDA:2,109,0,0
BRDA:2,109,1,0
BRDA:2,110,0,0
BRDA:2,110,1,0
BRDA:2,111,0,0
BRDA:2,111,1,0
BRDA:2,112,0,0
BRDA:2,112,1,0
BRDA:2,113,0,0
BRDA:2,113,1,0
BRDA:2,114,0,0
BRDA:2,114,1,0
BRDA:2,115,0,0
BRDA:2,115,1,0
BRDA:2,116,0,0
BRDA:2,116,1,0
BRDA:2,117,0,0
BRDA:2,117,1,0
BRDA:2,118,0,0
BRDA:2,118,1,0
BRDA:2,119,0,0
BRDA:2,119,1,0
BRDA:2,120,0,0
BRDA:2,120,1,0
BRDA:2,121,0,0
BRDA:2,121,1,0
BRDA:2,122,0,0
BRDA:2,122,1,0
BRDA:2,123,0,0
BRDA:2,123,1,0
BRDA:2,124,0,0
BRDA:2,124,1,0
BRDA:2,125,0,0
BRDA:2,125,1,0
BRDA:2,126,0,0
BRDA:2,126,1,0
BRDA:2,127,0,0
BRDA:2,127,1,0
BRDA:2,128,0,0
BRDA:2,128,1,0
BRDA:2,128,2,0
BRDA:2,129,0,0
BRDA:2,129,1,0
BRDA:2,130,0,0
BRDA:2,130,1,0
BRDA:2,131,0,0
BRDA:2,131,1,0
BRDA:2,131,2,0
BRDA:2,131,3,0
BRDA:2,131,4,0
BRDA:2,132,0,0
BRDA:2,132,1,0
BRDA:2,133,0,0
BRDA:2,133,1,0
BRDA:2,134,0,0
BRDA:2,134,1,0
BRDA:2,135,0,0
BRDA:2,135,1,0
BRDA:2,136,0,0
BRDA:2,136,1,0
BRDA:2,137,0,0
BRDA:2,137,1,0
BRDA:2,138,0,0
BRDA:2,138,1,0
BRF:286
BRH:0
end_of_record
TN:
SF:coverage\lcov-report\sorter.js
FN:2,(anonymous_0)
FN:11,getTable
FN:15,getTableHeader
FN:19,getTableBody
FN:23,getNthColumn
FN:27,onFilterInput
FN:59,addSearchBox
FN:67,loadColumns
FN:92,loadRowData
FN:111,loadData
FN:120,sortByIndex
FN:122,(anonymous_11)
FN:134,(anonymous_12)
FN:151,removeSortIndicators
FN:159,addSortIndicators
FN:165,enableUI
FN:168,ithSorter
FN:171,(anonymous_17)
FN:198,(anonymous_18)
FNF:19
FNH:0
FNDA:0,(anonymous_0)
FNDA:0,getTable
FNDA:0,getTableHeader
FNDA:0,getTableBody
FNDA:0,getNthColumn
FNDA:0,onFilterInput
FNDA:0,addSearchBox
FNDA:0,loadColumns
FNDA:0,loadRowData
FNDA:0,loadData
FNDA:0,sortByIndex
FNDA:0,(anonymous_11)
FNDA:0,(anonymous_12)
FNDA:0,removeSortIndicators
FNDA:0,addSortIndicators
FNDA:0,enableUI
FNDA:0,ithSorter
FNDA:0,(anonymous_17)
FNDA:0,(anonymous_18)
DA:2,0
DA:5,0
DA:12,0
DA:16,0
DA:20,0
DA:24,0
DA:28,0
DA:29,0
DA:34,0
DA:35,0
DA:37,0
DA:40,0
DA:41,0
DA:42,0
DA:44,0
DA:46,0
DA:49,0
DA:54,0
DA:60,0
DA:61,0
DA:62,0
DA:63,0
DA:68,0
DA:70,0
DA:74,0
DA:75,0
DA:76,0
DA:81,0
DA:82,0
DA:83,0
DA:84,0
DA:88,0
DA:93,0
DA:96,0
DA:99,0
DA:100,0
DA:101,0
DA:102,0
DA:103,0
DA:104,0
DA:106,0
DA:108,0
DA:112,0
DA:115,0
DA:116,0
DA:121,0
DA:122,0
DA:123,0
DA:124,0
DA:125,0
DA:127,0
DA:128,0
DA:129,0
DA:130,0
DA:133,0
DA:134,0
DA:135,0
DA:139,0
DA:140,0
DA:141,0
DA:144,0
DA:146,0
DA:147,0
DA:152,0
DA:153,0
DA:155,0
DA:156,0
DA:160,0
DA:168,0
DA:169,0
DA:171,0
DA:172,0
DA:174,0
DA:175,0
DA:177,0
DA:178,0
DA:179,0
DA:180,0
DA:181,0
DA:184,0
DA:185,0
DA:188,0
DA:189,0
DA:190,0
DA:192,0
DA:198,0
DA:199,0
DA:200,0
DA:202,0
DA:203,0
DA:204,0
DA:205,0
DA:206,0
DA:210,0
LF:94
LH:0
BRDA:44,0,0,0
BRDA:44,0,1,0
BRDA:54,1,0,0
BRDA:54,1,1,0
BRDA:79,2,0,0
BRDA:79,2,1,0
BRDA:82,3,0,0
BRDA:82,3,1,0
BRDA:103,4,0,0
BRDA:103,4,1,0
BRDA:125,5,0,0
BRDA:125,5,1,0
BRDA:125,6,0,0
BRDA:125,6,1,0
BRDA:133,7,0,0
BRDA:133,7,1,0
BRDA:160,8,0,0
BRDA:160,8,1,0
BRDA:174,9,0,0
BRDA:174,9,1,0
BRDA:185,10,0,0
BRDA:185,10,1,0
BRDA:189,11,0,0
BRDA:189,11,1,0
BRDA:199,12,0,0
BRDA:199,12,1,0
BRF:26
BRH:0
end_of_record
TN:
SF:dist\src\app.config.provider.js
FN:7,(anonymous_0)
FNF:1
FNH:0
FNDA:0,(anonymous_0)
DA:2,0
DA:3,0
DA:4,0
DA:5,0
DA:8,0
DA:9,0
DA:10,0
LF:7
LH:0
BRF:0
BRH:0
end_of_record
TN:
SF:dist\src\app.module.js
FN:2,(anonymous_0)
FN:6,(anonymous_1)
FN:9,(anonymous_2)
FN:13,(anonymous_3)
FN:15,(anonymous_4)
FN:18,(anonymous_5)
FN:24,(anonymous_6)
FN:25,(anonymous_7)
FN:26,(anonymous_8)
FN:33,(anonymous_9)
FNF:10
FNH:0
FNDA:0,(anonymous_0)
FNDA:0,(anonymous_1)
FNDA:0,(anonymous_2)
FNDA:0,(anonymous_3)
FNDA:0,(anonymous_4)
FNDA:0,(anonymous_5)
FNDA:0,(anonymous_6)
FNDA:0,(anonymous_7)
FNDA:0,(anonymous_8)
FNDA:0,(anonymous_9)
DA:2,0
DA:3,0
DA:4,0
DA:5,0
DA:6,0
DA:8,0
DA:10,0
DA:11,0
DA:13,0
DA:14,0
DA:16,0
DA:18,0
DA:19,0
DA:20,0
DA:21,0
DA:22,0
DA:24,0
DA:25,0
DA:26,0
DA:27,0
DA:28,0
DA:29,0
DA:31,0
DA:33,0
DA:34,0
DA:35,0
DA:36,0
DA:37,0
DA:38,0
DA:41,0
DA:42,0
DA:43,0
DA:44,0
DA:45,0
DA:46,0
DA:47,0
DA:48,0
DA:49,0
DA:50,0
DA:52,0
DA:53,0
LF:41
LH:0
BRDA:2,0,0,0
BRDA:2,0,1,0
BRDA:2,0,2,0
BRDA:2,1,0,0
BRDA:2,1,1,0
BRDA:3,2,0,0
BRDA:3,2,1,0
BRDA:5,3,0,0
BRDA:5,3,1,0
BRDA:5,4,0,0
BRDA:5,4,1,0
BRDA:5,5,0,0
BRDA:5,5,1,0
BRDA:5,6,0,0
BRDA:5,6,1,0
BRDA:10,7,0,0
BRDA:10,7,1,0
BRDA:13,8,0,0
BRDA:13,8,1,0
BRDA:13,8,2,0
BRDA:13,9,0,0
BRDA:13,9,1,0
BRDA:18,10,0,0
BRDA:18,10,1,0
BRDA:18,10,2,0
BRDA:19,11,0,0
BRDA:19,11,1,0
BRDA:19,12,0,0
BRDA:19,12,1,0
BRDA:20,13,0,0
BRDA:20,13,1,0
BRDA:20,14,0,0
BRDA:20,14,1,0
BRDA:21,15,0,0
BRDA:21,15,1,0
BRDA:21,16,0,0
BRDA:21,16,1,0
BRDA:21,17,0,0
BRDA:21,17,1,0
BRDA:21,18,0,0
BRDA:21,18,1,0
BRDA:22,19,0,0
BRDA:22,19,1,0
BRDA:22,19,2,0
BRDA:24,20,0,0
BRDA:24,20,1,0
BRDA:24,20,2,0
BRDA:26,21,0,0
BRDA:26,21,1,0
BRDA:28,22,0,0
BRDA:28,22,1,0
BRDA:34,23,0,0
BRDA:34,23,1,0
BRDA:34,24,0,0
BRDA:34,24,1,0
BRDA:36,25,0,0
BRDA:36,25,1,0
BRDA:36,26,0,0
BRDA:36,26,1,0
BRF:59
BRH:0
end_of_record
TN:
SF:dist\src\main.js
FN:10,createLogger
FN:21,bootstrap
FNF:2
FNH:0
FNDA:0,createLogger
FNDA:0,bootstrap
DA:2,0
DA:3,0
DA:4,0
DA:5,0
DA:6,0
DA:7,0
DA:8,0
DA:9,0
DA:11,0
DA:13,0
DA:15,0
DA:18,0
DA:22,0
DA:23,0
DA:24,0
DA:25,0
DA:26,0
DA:27,0
DA:28,0
DA:30,0
LF:20
LH:0
BRDA:11,0,0,0
BRDA:11,0,1,0
BRDA:11,0,2,0
BRDA:11,0,3,0
BRF:4
BRH:0
end_of_record
TN:
SF:dist\src\films\film.repository.js
FNF:0
FNH:0
DA:2,0
DA:3,0
DA:6,0
LF:3
LH:0
BRF:0
BRH:0
end_of_record
TN:
SF:dist\src\films\films.controller.js
FN:2,(anonymous_0)
FN:8,(anonymous_1)
FN:11,(anonymous_2)
FN:12,(anonymous_3)
FN:20,(anonymous_4)
FN:23,(anonymous_5)
FN:30,(anonymous_6)
FNF:7
FNH:0
FNDA:0,(anonymous_0)
FNDA:0,(anonymous_1)
FNDA:0,(anonymous_2)
FNDA:0,(anonymous_3)
FNDA:0,(anonymous_4)
FNDA:0,(anonymous_5)
FNDA:0,(anonymous_6)
DA:2,0
DA:3,0
DA:4,0
DA:5,0
DA:6,0
DA:8,0
DA:9,0
DA:11,0
DA:12,0
DA:14,0
DA:15,0
DA:16,0
DA:17,0
DA:18,0
DA:19,0
DA:21,0
DA:24,0
DA:25,0
DA:31,0
DA:32,0
DA:33,0
DA:35,0
DA:41,0
DA:42,0
DA:48,0
DA:55,0
LF:26
LH:0
BRDA:2,0,0,0
BRDA:2,0,1,0
BRDA:2,0,2,0
BRDA:3,1,0,0
BRDA:3,1,1,0
BRDA:3,2,0,0
BRDA:3,2,1,0
BRDA:4,3,0,0
BRDA:4,3,1,0
BRDA:4,4,0,0
BRDA:4,4,1,0
BRDA:5,5,0,0
BRDA:5,5,1,0
BRDA:5,6,0,0
BRDA:5,6,1,0
BRDA:5,7,0,0
BRDA:5,7,1,0
BRDA:5,8,0,0
BRDA:5,8,1,0
BRDA:6,9,0,0
BRDA:6,9,1,0
BRDA:6,9,2,0
BRDA:8,10,0,0
BRDA:8,10,1,0
BRDA:8,10,2,0
BRDA:9,11,0,0
BRDA:9,11,1,0
BRDA:9,12,0,0
BRDA:9,12,1,0
BRDA:11,13,0,0
BRDA:11,13,1,0
BRDA:11,13,2,0
BRDA:32,14,0,0
BRDA:32,14,1,0
BRF:34
BRH:0
end_of_record
TN:
SF:dist\src\films\films.module.js
FN:2,(anonymous_0)
FNF:1
FNH:0
FNDA:0,(anonymous_0)
DA:2,0
DA:3,0
DA:4,0
DA:5,0
DA:6,0
DA:8,0
DA:9,0
DA:10,0
DA:11,0
DA:12,0
DA:13,0
DA:14,0
DA:16,0
DA:17,0
LF:14
LH:0
BRDA:2,0,0,0
BRDA:2,0,1,0
BRDA:2,0,2,0
BRDA:3,1,0,0
BRDA:3,1,1,0
BRDA:3,2,0,0
BRDA:3,2,1,0
BRDA:4,3,0,0
BRDA:4,3,1,0
BRDA:4,4,0,0
BRDA:4,4,1,0
BRDA:5,5,0,0
BRDA:5,5,1,0
BRDA:5,6,0,0
BRDA:5,6,1,0
BRDA:5,7,0,0
BRDA:5,7,1,0
BRDA:5,8,0,0
BRDA:5,8,1,0
BRDA:6,9,0,0
BRDA:6,9,1,0
BRDA:6,9,2,0
BRF:22
BRH:0
end_of_record
TN:
SF:dist\src\films\films.service.js
FN:2,(anonymous_0)
FN:8,(anonymous_1)
FN:11,(anonymous_2)
FN:12,(anonymous_3)
FN:19,(anonymous_4)
FN:22,(anonymous_5)
FN:25,(anonymous_6)
FNF:7
FNH:0
FNDA:0,(anonymous_0)
FNDA:0,(anonymous_1)
FNDA:0,(anonymous_2)
FNDA:0,(anonymous_3)
FNDA:0,(anonymous_4)
FNDA:0,(anonymous_5)
FNDA:0,(anonymous_6)
DA:2,0
DA:3,0
DA:4,0
DA:5,0
DA:6,0
DA:8,0
DA:9,0
DA:11,0
DA:12,0
DA:14,0
DA:15,0
DA:16,0
DA:17,0
DA:18,0
DA:20,0
DA:23,0
DA:26,0
DA:29,0
DA:30,0
LF:19
LH:0
BRDA:2,0,0,0
BRDA:2,0,1,0
BRDA:2,0,2,0
BRDA:3,1,0,0
BRDA:3,1,1,0
BRDA:3,2,0,0
BRDA:3,2,1,0
BRDA:4,3,0,0
BRDA:4,3,1,0
BRDA:4,4,0,0
BRDA:4,4,1,0
BRDA:5,5,0,0
BRDA:5,5,1,0
BRDA:5,6,0,0
BRDA:5,6,1,0
BRDA:5,7,0,0
BRDA:5,7,1,0
BRDA:5,8,0,0
BRDA:5,8,1,0
BRDA:6,9,0,0
BRDA:6,9,1,0
BRDA:6,9,2,0
BRDA:8,10,0,0
BRDA:8,10,1,0
BRDA:8,10,2,0
BRDA:9,11,0,0
BRDA:9,11,1,0
BRDA:9,12,0,0
BRDA:9,12,1,0
BRDA:11,13,0,0
BRDA:11,13,1,0
BRDA:11,13,2,0
BRF:32
BRH:0
end_of_record
TN:
SF:dist\src\films\dto\films.dto.js
FN:2,(anonymous_0)
FN:8,(anonymous_1)
FNF:2
FNH:0
FNDA:0,(anonymous_0)
FNDA:0,(anonymous_1)
DA:2,0
DA:3,0
DA:4,0
DA:5,0
DA:6,0
DA:8,0
DA:9,0
DA:11,0
DA:12,0
DA:13,0
DA:14,0
DA:17,0
DA:18,0
DA:25,0
DA:29,0
DA:33,0
DA:40,0
DA:47,0
DA:54,0
DA:61,0
DA:68,0
DA:77,0
DA:78,0
DA:85,0
DA:94,0
DA:95,0
DA:102,0
DA:109,0
DA:116,0
DA:123,0
DA:130,0
DA:137,0
DA:146,0
DA:147,0
DA:154,0
DA:163,0
DA:164,0
LF:37
LH:0
BRDA:2,0,0,0
BRDA:2,0,1,0
BRDA:2,0,2,0
BRDA:3,1,0,0
BRDA:3,1,1,0
BRDA:3,2,0,0
BRDA:3,2,1,0
BRDA:4,3,0,0
BRDA:4,3,1,0
BRDA:4,4,0,0
BRDA:4,4,1,0
BRDA:5,5,0,0
BRDA:5,5,1,0
BRDA:5,6,0,0
BRDA:5,6,1,0
BRDA:5,7,0,0
BRDA:5,7,1,0
BRDA:5,8,0,0
BRDA:5,8,1,0
BRDA:6,9,0,0
BRDA:6,9,1,0
BRDA:6,9,2,0
BRDA:8,10,0,0
BRDA:8,10,1,0
BRDA:8,10,2,0
BRDA:9,11,0,0
BRDA:9,11,1,0
BRDA:9,12,0,0
BRDA:9,12,1,0
BRF:29
BRH:0
end_of_record
TN:
SF:dist\src\films\entities\film.entity.js
FNF:0
FNH:0
DA:2,0
DA:3,0
DA:6,0
DA:9,0
LF:4
LH:0
BRF:0
BRH:0
end_of_record
TN:
SF:dist\src\films\entities\film.typeorm.entity.js
FN:2,(anonymous_0)
FN:8,(anonymous_1)
FN:56,(anonymous_2)
FN:56,(anonymous_3)
FN:62,(anonymous_4)
FN:62,(anonymous_5)
FNF:6
FNH:0
FNDA:0,(anonymous_0)
FNDA:0,(anonymous_1)
FNDA:0,(anonymous_2)
FNDA:0,(anonymous_3)
FNDA:0,(anonymous_4)
FNDA:0,(anonymous_5)
DA:2,0
DA:3,0
DA:4,0
DA:5,0
DA:6,0
DA:8,0
DA:9,0
DA:11,0
DA:12,0
DA:13,0
DA:14,0
DA:15,0
DA:16,0
DA:18,0
DA:19,0
DA:23,0
DA:27,0
DA:31,0
DA:35,0
DA:39,0
DA:43,0
DA:47,0
DA:51,0
DA:55,0
DA:56,0
DA:61,0
DA:62,0
DA:65,0
LF:28
LH:0
BRDA:2,0,0,0
BRDA:2,0,1,0
BRDA:2,0,2,0
BRDA:3,1,0,0
BRDA:3,1,1,0
BRDA:3,2,0,0
BRDA:3,2,1,0
BRDA:4,3,0,0
BRDA:4,3,1,0
BRDA:4,4,0,0
BRDA:4,4,1,0
BRDA:5,5,0,0
BRDA:5,5,1,0
BRDA:5,6,0,0
BRDA:5,6,1,0
BRDA:5,7,0,0
BRDA:5,7,1,0
BRDA:5,8,0,0
BRDA:5,8,1,0
BRDA:6,9,0,0
BRDA:6,9,1,0
BRDA:6,9,2,0
BRDA:8,10,0,0
BRDA:8,10,1,0
BRDA:8,10,2,0
BRDA:9,11,0,0
BRDA:9,11,1,0
BRDA:9,12,0,0
BRDA:9,12,1,0
BRF:29
BRH:0
end_of_record
TN:
SF:dist\src\films\entities\schedule.typeorm.entity.js
FN:2,(anonymous_0)
FN:8,(anonymous_1)
FN:48,(anonymous_2)
FN:48,(anonymous_3)
FN:54,(anonymous_4)
FN:54,(anonymous_5)
FNF:6
FNH:0
FNDA:0,(anonymous_0)
FNDA:0,(anonymous_1)
FNDA:0,(anonymous_2)
FNDA:0,(anonymous_3)
FNDA:0,(anonymous_4)
FNDA:0,(anonymous_5)
DA:2,0
DA:3,0
DA:4,0
DA:5,0
DA:6,0
DA:8,0
DA:9,0
DA:11,0
DA:12,0
DA:13,0
DA:14,0
DA:15,0
DA:16,0
DA:18,0
DA:19,0
DA:23,0
DA:27,0
DA:31,0
DA:35,0
DA:39,0
DA:43,0
DA:47,0
DA:48,0
DA:53,0
DA:54,0
DA:57,0
LF:26
LH:0
BRDA:2,0,0,0
BRDA:2,0,1,0
BRDA:2,0,2,0
BRDA:3,1,0,0
BRDA:3,1,1,0
BRDA:3,2,0,0
BRDA:3,2,1,0
BRDA:4,3,0,0
BRDA:4,3,1,0
BRDA:4,4,0,0
BRDA:4,4,1,0
BRDA:5,5,0,0
BRDA:5,5,1,0
BRDA:5,6,0,0
BRDA:5,6,1,0
BRDA:5,7,0,0
BRDA:5,7,1,0
BRDA:5,8,0,0
BRDA:5,8,1,0
BRDA:6,9,0,0
BRDA:6,9,1,0
BRDA:6,9,2,0
BRDA:8,10,0,0
BRDA:8,10,1,0
BRDA:8,10,2,0
BRDA:9,11,0,0
BRDA:9,11,1,0
BRDA:9,12,0,0
BRDA:9,12,1,0
BRF:29
BRH:0
end_of_record
TN:
SF:dist\src\films\schemas\film.schema.js
FN:2,(anonymous_0)
FN:8,(anonymous_1)
FNF:2
FNH:0
FNDA:0,(anonymous_0)
FNDA:0,(anonymous_1)
DA:2,0
DA:3,0
DA:4,0
DA:5,0
DA:6,0
DA:8,0
DA:9,0
DA:11,0
DA:12,0
DA:13,0
DA:14,0
DA:15,0
DA:17,0
DA:18,0
DA:22,0
DA:26,0
DA:30,0
DA:34,0
DA:38,0
DA:42,0
DA:46,0
DA:49,0
DA:50,0
DA:52,0
DA:53,0
DA:57,0
DA:61,0
DA:65,0
DA:69,0
DA:73,0
DA:77,0
DA:81,0
DA:85,0
DA:89,0
DA:92,0
LF:35
LH:0
BRDA:2,0,0,0
BRDA:2,0,1,0
BRDA:2,0,2,0
BRDA:3,1,0,0
BRDA:3,1,1,0
BRDA:3,2,0,0
BRDA:3,2,1,0
BRDA:4,3,0,0
BRDA:4,3,1,0
BRDA:4,4,0,0
BRDA:4,4,1,0
BRDA:5,5,0,0
BRDA:5,5,1,0
BRDA:5,6,0,0
BRDA:5,6,1,0
BRDA:5,7,0,0
BRDA:5,7,1,0
BRDA:5,8,0,0
BRDA:5,8,1,0
BRDA:6,9,0,0
BRDA:6,9,1,0
BRDA:6,9,2,0
BRDA:8,10,0,0
BRDA:8,10,1,0
BRDA:8,10,2,0
BRDA:9,11,0,0
BRDA:9,11,1,0
BRDA:9,12,0,0
BRDA:9,12,1,0
BRF:29
BRH:0
end_of_record
TN:
SF:dist\src\logger\base.logger.js
FN:2,(anonymous_0)
FN:12,(anonymous_1)
FN:15,(anonymous_2)
FN:18,(anonymous_3)
FN:21,(anonymous_4)
FN:26,(anonymous_5)
FNF:6
FNH:0
FNDA:0,(anonymous_0)
FNDA:0,(anonymous_1)
FNDA:0,(anonymous_2)
FNDA:0,(anonymous_3)
FNDA:0,(anonymous_4)
FNDA:0,(anonymous_5)
DA:2,0
DA:3,0
DA:4,0
DA:5,0
DA:6,0
DA:8,0
DA:9,0
DA:10,0
DA:11,0
DA:13,0
DA:16,0
DA:19,0
DA:22,0
DA:23,0
DA:27,0
DA:28,0
DA:32,0
DA:33,0
LF:18
LH:0
BRDA:2,0,0,0
BRDA:2,0,1,0
BRDA:2,0,2,0
BRDA:3,1,0,0
BRDA:3,1,1,0
BRDA:3,2,0,0
BRDA:3,2,1,0
BRDA:4,3,0,0
BRDA:4,3,1,0
BRDA:4,4,0,0
BRDA:4,4,1,0
BRDA:5,5,0,0
BRDA:5,5,1,0
BRDA:5,6,0,0
BRDA:5,6,1,0
BRDA:5,7,0,0
BRDA:5,7,1,0
BRDA:5,8,0,0
BRDA:5,8,1,0
BRDA:6,9,0,0
BRDA:6,9,1,0
BRDA:6,9,2,0
BRDA:22,10,0,0
BRDA:22,10,1,0
BRDA:27,11,0,0
BRDA:27,11,1,0
BRF:26
BRH:0
end_of_record
TN:
SF:dist\src\logger\dev.logger.js
FN:2,(anonymous_0)
FNF:1
FNH:0
FNDA:0,(anonymous_0)
DA:2,0
DA:3,0
DA:4,0
DA:5,0
DA:6,0
DA:8,0
DA:9,0
DA:10,0
DA:11,0
DA:13,0
DA:14,0
LF:11
LH:0
BRDA:2,0,0,0
BRDA:2,0,1,0
BRDA:2,0,2,0
BRDA:3,1,0,0
BRDA:3,1,1,0
BRDA:3,2,0,0
BRDA:3,2,1,0
BRDA:4,3,0,0
BRDA:4,3,1,0
BRDA:4,4,0,0
BRDA:4,4,1,0
BRDA:5,5,0,0
BRDA:5,5,1,0
BRDA:5,6,0,0
BRDA:5,6,1,0
BRDA:5,7,0,0
BRDA:5,7,1,0
BRDA:5,8,0,0
BRDA:5,8,1,0
BRDA:6,9,0,0
BRDA:6,9,1,0
BRDA:6,9,2,0
BRF:22
BRH:0
end_of_record
TN:
SF:dist\src\logger\json.logger.js
FN:2,(anonymous_0)
FN:13,(anonymous_1)
FNF:2
FNH:0
FNDA:0,(anonymous_0)
FNDA:0,(anonymous_1)
DA:2,0
DA:3,0
DA:4,0
DA:5,0
DA:6,0
DA:8,0
DA:9,0
DA:10,0
DA:11,0
DA:12,0
DA:14,0
DA:15,0
DA:16,0
DA:24,0
DA:32,0
DA:33,0
LF:16
LH:0
BRDA:2,0,0,0
BRDA:2,0,1,0
BRDA:2,0,2,0
BRDA:3,1,0,0
BRDA:3,1,1,0
BRDA:3,2,0,0
BRDA:3,2,1,0
BRDA:4,3,0,0
BRDA:4,3,1,0
BRDA:4,4,0,0
BRDA:4,4,1,0
BRDA:5,5,0,0
BRDA:5,5,1,0
BRDA:5,6,0,0
BRDA:5,6,1,0
BRDA:5,7,0,0
BRDA:5,7,1,0
BRDA:5,8,0,0
BRDA:5,8,1,0
BRDA:6,9,0,0
BRDA:6,9,1,0
BRDA:6,9,2,0
BRDA:14,10,0,0
BRDA:14,10,1,0
BRDA:15,11,0,0
BRDA:15,11,1,0
BRF:26
BRH:0
end_of_record
TN:
SF:dist\src\logger\tskv.logger.js
FN:2,(anonymous_0)
FN:13,(anonymous_1)
FN:21,(anonymous_2)
FN:36,(anonymous_3)
FNF:4
FNH:0
FNDA:0,(anonymous_0)
FNDA:0,(anonymous_1)
FNDA:0,(anonymous_2)
FNDA:0,(anonymous_3)
DA:2,0
DA:3,0
DA:4,0
DA:5,0
DA:6,0
DA:8,0
DA:9,0
DA:10,0
DA:11,0
DA:12,0
DA:14,0
DA:22,0
DA:23,0
DA:24,0
DA:25,0
DA:28,0
DA:31,0
DA:34,0
DA:37,0
DA:38,0
DA:43,0
DA:44,0
DA:46,0
DA:47,0
DA:48,0
DA:49,0
DA:52,0
DA:53,0
DA:56,0
DA:58,0
DA:61,0
DA:62,0
LF:32
LH:0
BRDA:2,0,0,0
BRDA:2,0,1,0
BRDA:2,0,2,0
BRDA:3,1,0,0
BRDA:3,1,1,0
BRDA:3,2,0,0
BRDA:3,2,1,0
BRDA:4,3,0,0
BRDA:4,3,1,0
BRDA:4,4,0,0
BRDA:4,4,1,0
BRDA:5,5,0,0
BRDA:5,5,1,0
BRDA:5,6,0,0
BRDA:5,6,1,0
BRDA:5,7,0,0
BRDA:5,7,1,0
BRDA:5,8,0,0
BRDA:5,8,1,0
BRDA:6,9,0,0
BRDA:6,9,1,0
BRDA:6,9,2,0
BRDA:21,10,0,0
BRDA:24,11,0,0
BRDA:24,11,1,0
BRDA:25,12,0,0
BRDA:25,12,1,0
BRDA:25,13,0,0
BRDA:25,13,1,0
BRDA:25,13,2,0
BRDA:37,14,0,0
BRDA:37,14,1,0
BRDA:43,15,0,0
BRDA:43,15,1,0
BRDA:46,16,0,0
BRDA:46,16,1,0
BRDA:48,17,0,0
BRDA:48,17,1,0
BRDA:52,18,0,0
BRDA:52,18,1,0
BRDA:52,19,0,0
BRDA:52,19,1,0
BRF:42
BRH:0
end_of_record
TN:
SF:dist\src\order\order.controller.js
FN:2,(anonymous_0)
FN:8,(anonymous_1)
FN:11,(anonymous_2)
FN:12,(anonymous_3)
FN:20,(anonymous_4)
FN:23,(anonymous_5)
FNF:6
FNH:0
FNDA:0,(anonymous_0)
FNDA:0,(anonymous_1)
FNDA:0,(anonymous_2)
FNDA:0,(anonymous_3)
FNDA:0,(anonymous_4)
FNDA:0,(anonymous_5)
DA:2,0
DA:3,0
DA:4,0
DA:5,0
DA:6,0
DA:8,0
DA:9,0
DA:11,0
DA:12,0
DA:14,0
DA:15,0
DA:16,0
DA:17,0
DA:18,0
DA:19,0
DA:21,0
DA:24,0
DA:25,0
DA:31,0
DA:32,0
DA:39,0
LF:21
LH:0
BRDA:2,0,0,0
BRDA:2,0,1,0
BRDA:2,0,2,0
BRDA:3,1,0,0
BRDA:3,1,1,0
BRDA:3,2,0,0
BRDA:3,2,1,0
BRDA:4,3,0,0
BRDA:4,3,1,0
BRDA:4,4,0,0
BRDA:4,4,1,0
BRDA:5,5,0,0
BRDA:5,5,1,0
BRDA:5,6,0,0
BRDA:5,6,1,0
BRDA:5,7,0,0
BRDA:5,7,1,0
BRDA:5,8,0,0
BRDA:5,8,1,0
BRDA:6,9,0,0
BRDA:6,9,1,0
BRDA:6,9,2,0
BRDA:8,10,0,0
BRDA:8,10,1,0
BRDA:8,10,2,0
BRDA:9,11,0,0
BRDA:9,11,1,0
BRDA:9,12,0,0
BRDA:9,12,1,0
BRDA:11,13,0,0
BRDA:11,13,1,0
BRDA:11,13,2,0
BRF:32
BRH:0
end_of_record
TN:
SF:dist\src\order\order.module.js
FN:2,(anonymous_0)
FNF:1
FNH:0
FNDA:0,(anonymous_0)
DA:2,0
DA:3,0
DA:4,0
DA:5,0
DA:6,0
DA:8,0
DA:9,0
DA:10,0
DA:11,0
DA:12,0
DA:13,0
DA:14,0
DA:15,0
DA:16,0
DA:18,0
DA:19,0
LF:16
LH:0
BRDA:2,0,0,0
BRDA:2,0,1,0
BRDA:2,0,2,0
BRDA:3,1,0,0
BRDA:3,1,1,0
BRDA:3,2,0,0
BRDA:3,2,1,0
BRDA:4,3,0,0
BRDA:4,3,1,0
BRDA:4,4,0,0
BRDA:4,4,1,0
BRDA:5,5,0,0
BRDA:5,5,1,0
BRDA:5,6,0,0
BRDA:5,6,1,0
BRDA:5,7,0,0
BRDA:5,7,1,0
BRDA:5,8,0,0
BRDA:5,8,1,0
BRDA:6,9,0,0
BRDA:6,9,1,0
BRDA:6,9,2,0
BRDA:23,10,0,0
BRDA:23,10,1,0
BRF:24
BRH:0
end_of_record
TN:
SF:dist\src\order\order.repository.js
FNF:0
FNH:0
DA:2,0
DA:3,0
DA:6,0
LF:3
LH:0
BRF:0
BRH:0
end_of_record
TN:
SF:dist\src\order\order.service.js
FN:2,(anonymous_0)
FN:8,(anonymous_1)
FN:11,(anonymous_2)
FN:12,(anonymous_3)
FN:24,(anonymous_4)
FN:30,(anonymous_5)
FN:36,(anonymous_6)
FN:38,(anonymous_7)
FN:40,(anonymous_8)
FN:52,(anonymous_9)
FN:62,(anonymous_10)
FN:72,(anonymous_11)
FN:83,(anonymous_12)
FN:90,(anonymous_13)
FN:101,(anonymous_14)
FNF:15
FNH:0
FNDA:0,(anonymous_0)
FNDA:0,(anonymous_1)
FNDA:0,(anonymous_2)
FNDA:0,(anonymous_3)
FNDA:0,(anonymous_4)
FNDA:0,(anonymous_5)
FNDA:0,(anonymous_6)
FNDA:0,(anonymous_7)
FNDA:0,(anonymous_8)
FNDA:0,(anonymous_9)
FNDA:0,(anonymous_10)
FNDA:0,(anonymous_11)
FNDA:0,(anonymous_12)
FNDA:0,(anonymous_13)
FNDA:0,(anonymous_14)
DA:2,0
DA:3,0
DA:4,0
DA:5,0
DA:6,0
DA:8,0
DA:9,0
DA:11,0
DA:12,0
DA:14,0
DA:15,0
DA:16,0
DA:17,0
DA:18,0
DA:19,0
DA:20,0
DA:21,0
DA:22,0
DA:23,0
DA:25,0
DA:26,0
DA:27,0
DA:28,0
DA:31,0
DA:32,0
DA:34,0
DA:37,0
DA:38,0
DA:39,0
DA:40,0
DA:41,0
DA:42,0
DA:46,0
DA:47,0
DA:49,0
DA:50,0
DA:52,0
DA:53,0
DA:54,0
DA:55,0
DA:56,0
DA:57,0
DA:59,0
DA:61,0
DA:62,0
DA:71,0
DA:72,0
DA:84,0
DA:85,0
DA:86,0
DA:87,0
DA:88,0
DA:90,0
DA:91,0
DA:92,0
DA:93,0
DA:94,0
DA:95,0
DA:97,0
DA:98,0
DA:101,0
DA:110,0
DA:114,0
DA:115,0
DA:116,0
DA:117,0
DA:120,0
DA:121,0
DA:124,0
DA:125,0
LF:70
LH:0
BRDA:2,0,0,0
BRDA:2,0,1,0
BRDA:2,0,2,0
BRDA:3,1,0,0
BRDA:3,1,1,0
BRDA:3,2,0,0
BRDA:3,2,1,0
BRDA:4,3,0,0
BRDA:4,3,1,0
BRDA:4,4,0,0
BRDA:4,4,1,0
BRDA:5,5,0,0
BRDA:5,5,1,0
BRDA:5,6,0,0
BRDA:5,6,1,0
BRDA:5,7,0,0
BRDA:5,7,1,0
BRDA:5,8,0,0
BRDA:5,8,1,0
BRDA:6,9,0,0
BRDA:6,9,1,0
BRDA:6,9,2,0
BRDA:8,10,0,0
BRDA:8,10,1,0
BRDA:8,10,2,0
BRDA:9,11,0,0
BRDA:9,11,1,0
BRDA:9,12,0,0
BRDA:9,12,1,0
BRDA:11,13,0,0
BRDA:11,13,1,0
BRDA:11,13,2,0
BRDA:31,14,0,0
BRDA:31,14,1,0
BRDA:31,15,0,0
BRDA:31,15,1,0
BRDA:46,16,0,0
BRDA:46,16,1,0
BRDA:49,17,0,0
BRDA:49,17,1,0
BRDA:56,18,0,0
BRDA:56,18,1,0
BRDA:87,19,0,0
BRDA:87,19,1,0
BRDA:94,20,0,0
BRDA:94,20,1,0
BRDA:97,21,0,0
BRDA:97,21,1,0
BRDA:116,22,0,0
BRDA:116,22,1,0
BRF:50
BRH:0
end_of_record
TN:
SF:dist\src\order\dto\order.dto.js
FN:2,(anonymous_0)
FN:8,(anonymous_1)
FN:99,(anonymous_2)
FNF:3
FNH:0
FNDA:0,(anonymous_0)
FNDA:0,(anonymous_1)
FNDA:0,(anonymous_2)
DA:2,0
DA:3,0
DA:4,0
DA:5,0
DA:6,0
DA:8,0
DA:9,0
DA:11,0
DA:12,0
DA:13,0
DA:14,0
DA:15,0
DA:18,0
DA:19,0
DA:27,0
DA:36,0
DA:45,0
DA:54,0
DA:63,0
DA:74,0
DA:75,0
DA:84,0
DA:95,0
DA:99,0
DA:104,0
DA:105,0
DA:109,0
DA:113,0
DA:117,0
DA:121,0
DA:125,0
DA:129,0
DA:135,0
DA:136,0
DA:143,0
LF:35
LH:0
BRDA:2,0,0,0
BRDA:2,0,1,0
BRDA:2,0,2,0
BRDA:3,1,0,0
BRDA:3,1,1,0
BRDA:3,2,0,0
BRDA:3,2,1,0
BRDA:4,3,0,0
BRDA:4,3,1,0
BRDA:4,4,0,0
BRDA:4,4,1,0
BRDA:5,5,0,0
BRDA:5,5,1,0
BRDA:5,6,0,0
BRDA:5,6,1,0
BRDA:5,7,0,0
BRDA:5,7,1,0
BRDA:5,8,0,0
BRDA:5,8,1,0
BRDA:6,9,0,0
BRDA:6,9,1,0
BRDA:6,9,2,0
BRDA:8,10,0,0
BRDA:8,10,1,0
BRDA:8,10,2,0
BRDA:9,11,0,0
BRDA:9,11,1,0
BRDA:9,12,0,0
BRDA:9,12,1,0
BRF:29
BRH:0
end_of_record
TN:
SF:dist\src\order\entities\order.entity.js
FNF:0
FNH:0
DA:2,0
DA:3,0
DA:6,0
LF:3
LH:0
BRF:0
BRH:0
end_of_record
TN:
SF:dist\src\order\entities\order.typeorm.entity.js
FN:2,(anonymous_0)
FN:8,(anonymous_1)
FN:44,(anonymous_2)
FN:44,(anonymous_3)
FN:51,(anonymous_4)
FN:51,(anonymous_5)
FNF:6
FNH:0
FNDA:0,(anonymous_0)
FNDA:0,(anonymous_1)
FNDA:0,(anonymous_2)
FNDA:0,(anonymous_3)
FNDA:0,(anonymous_4)
FNDA:0,(anonymous_5)
DA:2,0
DA:3,0
DA:4,0
DA:5,0
DA:6,0
DA:8,0
DA:9,0
DA:11,0
DA:12,0
DA:13,0
DA:14,0
DA:15,0
DA:16,0
DA:18,0
DA:19,0
DA:23,0
DA:27,0
DA:31,0
DA:35,0
DA:39,0
DA:43,0
DA:44,0
DA:50,0
DA:51,0
DA:57,0
DA:61,0
LF:26
LH:0
BRDA:2,0,0,0
BRDA:2,0,1,0
BRDA:2,0,2,0
BRDA:3,1,0,0
BRDA:3,1,1,0
BRDA:3,2,0,0
BRDA:3,2,1,0
BRDA:4,3,0,0
BRDA:4,3,1,0
BRDA:4,4,0,0
BRDA:4,4,1,0
BRDA:5,5,0,0
BRDA:5,5,1,0
BRDA:5,6,0,0
BRDA:5,6,1,0
BRDA:5,7,0,0
BRDA:5,7,1,0
BRDA:5,8,0,0
BRDA:5,8,1,0
BRDA:6,9,0,0
BRDA:6,9,1,0
BRDA:6,9,2,0
BRDA:8,10,0,0
BRDA:8,10,1,0
BRDA:8,10,2,0
BRDA:9,11,0,0
BRDA:9,11,1,0
BRDA:9,12,0,0
BRDA:9,12,1,0
BRF:29
BRH:0
end_of_record
TN:
SF:dist\src\order\schemas\order.schema.js
FN:2,(anonymous_0)
FN:8,(anonymous_1)
FNF:2
FNH:0
FNDA:0,(anonymous_0)
FNDA:0,(anonymous_1)
DA:2,0
DA:3,0
DA:4,0
DA:5,0
DA:6,0
DA:8,0
DA:9,0
DA:11,0
DA:12,0
DA:13,0
DA:14,0
DA:16,0
DA:17,0
DA:21,0
DA:25,0
DA:29,0
DA:33,0
DA:37,0
DA:41,0
DA:44,0
LF:20
LH:0
BRDA:2,0,0,0
BRDA:2,0,1,0
BRDA:2,0,2,0
BRDA:3,1,0,0
BRDA:3,1,1,0
BRDA:3,2,0,0
BRDA:3,2,1,0
BRDA:4,3,0,0
BRDA:4,3,1,0
BRDA:4,4,0,0
BRDA:4,4,1,0
BRDA:5,5,0,0
BRDA:5,5,1,0
BRDA:5,6,0,0
BRDA:5,6,1,0
BRDA:5,7,0,0
BRDA:5,7,1,0
BRDA:5,8,0,0
BRDA:5,8,1,0
BRDA:6,9,0,0
BRDA:6,9,1,0
BRDA:6,9,2,0
BRDA:8,10,0,0
BRDA:8,10,1,0
BRDA:8,10,2,0
BRDA:9,11,0,0
BRDA:9,11,1,0
BRDA:9,12,0,0
BRDA:9,12,1,0
BRF:29
BRH:0
end_of_record
TN:
SF:dist\src\repository\in-memory-film.repository.js
FN:2,(anonymous_0)
FN:8,(anonymous_1)
FN:16,(anonymous_2)
FN:19,(anonymous_3)
FN:22,(anonymous_4)
FN:23,(anonymous_5)
FN:26,(anonymous_6)
FN:27,(anonymous_7)
FNF:8
FNH:0
FNDA:0,(anonymous_0)
FNDA:0,(anonymous_1)
FNDA:0,(anonymous_2)
FNDA:0,(anonymous_3)
FNDA:0,(anonymous_4)
FNDA:0,(anonymous_5)
FNDA:0,(anonymous_6)
FNDA:0,(anonymous_7)
DA:2,0
DA:3,0
DA:4,0
DA:5,0
DA:6,0
DA:8,0
DA:9,0
DA:11,0
DA:12,0
DA:13,0
DA:14,0
DA:15,0
DA:17,0
DA:20,0
DA:23,0
DA:24,0
DA:27,0
DA:28,0
DA:29,0
DA:31,0
DA:32,0
DA:35,0
DA:36,0
LF:23
LH:0
BRDA:2,0,0,0
BRDA:2,0,1,0
BRDA:2,0,2,0
BRDA:3,1,0,0
BRDA:3,1,1,0
BRDA:3,2,0,0
BRDA:3,2,1,0
BRDA:4,3,0,0
BRDA:4,3,1,0
BRDA:4,4,0,0
BRDA:4,4,1,0
BRDA:5,5,0,0
BRDA:5,5,1,0
BRDA:5,6,0,0
BRDA:5,6,1,0
BRDA:5,7,0,0
BRDA:5,7,1,0
BRDA:5,8,0,0
BRDA:5,8,1,0
BRDA:6,9,0,0
BRDA:6,9,1,0
BRDA:6,9,2,0
BRDA:8,10,0,0
BRDA:8,10,1,0
BRDA:8,10,2,0
BRDA:9,11,0,0
BRDA:9,11,1,0
BRDA:9,12,0,0
BRDA:9,12,1,0
BRDA:24,13,0,0
BRDA:24,13,1,0
BRDA:28,14,0,0
BRDA:28,14,1,0
BRF:33
BRH:0
end_of_record
TN:
SF:dist\src\repository\in-memory-order.repository.js
FN:2,(anonymous_0)
FN:13,(anonymous_1)
FN:16,(anonymous_2)
FN:17,(anonymous_3)
FNF:4
FNH:0
FNDA:0,(anonymous_0)
FNDA:0,(anonymous_1)
FNDA:0,(anonymous_2)
FNDA:0,(anonymous_3)
DA:2,0
DA:3,0
DA:4,0
DA:5,0
DA:6,0
DA:8,0
DA:9,0
DA:10,0
DA:11,0
DA:12,0
DA:14,0
DA:17,0
DA:21,0
DA:22,0
DA:25,0
DA:26,0
LF:16
LH:0
BRDA:2,0,0,0
BRDA:2,0,1,0
BRDA:2,0,2,0
BRDA:3,1,0,0
BRDA:3,1,1,0
BRDA:3,2,0,0
BRDA:3,2,1,0
BRDA:4,3,0,0
BRDA:4,3,1,0
BRDA:4,4,0,0
BRDA:4,4,1,0
BRDA:5,5,0,0
BRDA:5,5,1,0
BRDA:5,6,0,0
BRDA:5,6,1,0
BRDA:5,7,0,0
BRDA:5,7,1,0
BRDA:5,8,0,0
BRDA:5,8,1,0
BRDA:6,9,0,0
BRDA:6,9,1,0
BRDA:6,9,2,0
BRF:22
BRH:0
end_of_record
TN:
SF:dist\src\repository\mongo-film.repository.js
FN:2,(anonymous_0)
FN:8,(anonymous_1)
FN:11,(anonymous_2)
FN:12,(anonymous_3)
FN:21,(anonymous_4)
FN:24,(anonymous_5)
FN:35,(anonymous_6)
FN:38,(anonymous_7)
FN:42,(anonymous_8)
FN:46,(anonymous_9)
FNF:10
FNH:0
FNDA:0,(anonymous_0)
FNDA:0,(anonymous_1)
FNDA:0,(anonymous_2)
FNDA:0,(anonymous_3)
FNDA:0,(anonymous_4)
FNDA:0,(anonymous_5)
FNDA:0,(anonymous_6)
FNDA:0,(anonymous_7)
FNDA:0,(anonymous_8)
FNDA:0,(anonymous_9)
DA:2,0
DA:3,0
DA:4,0
DA:5,0
DA:6,0
DA:8,0
DA:9,0
DA:11,0
DA:12,0
DA:14,0
DA:15,0
DA:16,0
DA:17,0
DA:18,0
DA:19,0
DA:20,0
DA:22,0
DA:25,0
DA:35,0
DA:39,0
DA:40,0
DA:43,0
DA:44,0
DA:47,0
DA:50,0
DA:53,0
DA:54,0
LF:27
LH:0
BRDA:2,0,0,0
BRDA:2,0,1,0
BRDA:2,0,2,0
BRDA:3,1,0,0
BRDA:3,1,1,0
BRDA:3,2,0,0
BRDA:3,2,1,0
BRDA:4,3,0,0
BRDA:4,3,1,0
BRDA:4,4,0,0
BRDA:4,4,1,0
BRDA:5,5,0,0
BRDA:5,5,1,0
BRDA:5,6,0,0
BRDA:5,6,1,0
BRDA:5,7,0,0
BRDA:5,7,1,0
BRDA:5,8,0,0
BRDA:5,8,1,0
BRDA:6,9,0,0
BRDA:6,9,1,0
BRDA:6,9,2,0
BRDA:8,10,0,0
BRDA:8,10,1,0
BRDA:8,10,2,0
BRDA:9,11,0,0
BRDA:9,11,1,0
BRDA:9,12,0,0
BRDA:9,12,1,0
BRDA:11,13,0,0
BRDA:11,13,1,0
BRDA:11,13,2,0
BRDA:44,14,0,0
BRDA:44,14,1,0
BRF:34
BRH:0
end_of_record
TN:
SF:dist\src\repository\mongo-order.repository.js
FN:2,(anonymous_0)
FN:8,(anonymous_1)
FN:11,(anonymous_2)
FN:12,(anonymous_3)
FN:21,(anonymous_4)
FN:24,(anonymous_5)
FN:35,(anonymous_6)
FNF:7
FNH:0
FNDA:0,(anonymous_0)
FNDA:0,(anonymous_1)
FNDA:0,(anonymous_2)
FNDA:0,(anonymous_3)
FNDA:0,(anonymous_4)
FNDA:0,(anonymous_5)
FNDA:0,(anonymous_6)
DA:2,0
DA:3,0
DA:4,0
DA:5,0
DA:6,0
DA:8,0
DA:9,0
DA:11,0
DA:12,0
DA:14,0
DA:15,0
DA:16,0
DA:17,0
DA:18,0
DA:19,0
DA:20,0
DA:22,0
DA:25,0
DA:36,0
DA:37,0
DA:40,0
DA:41,0
LF:22
LH:0
BRDA:2,0,0,0
BRDA:2,0,1,0
BRDA:2,0,2,0
BRDA:3,1,0,0
BRDA:3,1,1,0
BRDA:3,2,0,0
BRDA:3,2,1,0
BRDA:4,3,0,0
BRDA:4,3,1,0
BRDA:4,4,0,0
BRDA:4,4,1,0
BRDA:5,5,0,0
BRDA:5,5,1,0
BRDA:5,6,0,0
BRDA:5,6,1,0
BRDA:5,7,0,0
BRDA:5,7,1,0
BRDA:5,8,0,0
BRDA:5,8,1,0
BRDA:6,9,0,0
BRDA:6,9,1,0
BRDA:6,9,2,0
BRDA:8,10,0,0
BRDA:8,10,1,0
BRDA:8,10,2,0
BRDA:9,11,0,0
BRDA:9,11,1,0
BRDA:9,12,0,0
BRDA:9,12,1,0
BRDA:11,13,0,0
BRDA:11,13,1,0
BRDA:11,13,2,0
BRF:32
BRH:0
end_of_record
TN:
SF:dist\src\repository\postgres-film.repository.js
FN:2,(anonymous_0)
FN:8,(anonymous_1)
FN:11,(anonymous_2)
FN:12,(anonymous_3)
FN:21,(anonymous_4)
FN:24,(anonymous_5)
FN:27,(anonymous_6)
FN:50,(anonymous_7)
FN:54,(anonymous_8)
FN:61,(anonymous_9)
FNF:10
FNH:0
FNDA:0,(anonymous_0)
FNDA:0,(anonymous_1)
FNDA:0,(anonymous_2)
FNDA:0,(anonymous_3)
FNDA:0,(anonymous_4)
FNDA:0,(anonymous_5)
FNDA:0,(anonymous_6)
FNDA:0,(anonymous_7)
FNDA:0,(anonymous_8)
FNDA:0,(anonymous_9)
DA:2,0
DA:3,0
DA:4,0
DA:5,0
DA:6,0
DA:8,0
DA:9,0
DA:11,0
DA:12,0
DA:14,0
DA:15,0
DA:16,0
DA:17,0
DA:18,0
DA:19,0
DA:20,0
DA:22,0
DA:25,0
DA:26,0
DA:27,0
DA:37,0
DA:51,0
DA:52,0
DA:55,0
DA:59,0
DA:62,0
DA:65,0
DA:69,0
DA:70,0
DA:72,0
DA:73,0
DA:76,0
DA:77,0
LF:33
LH:0
BRDA:2,0,0,0
BRDA:2,0,1,0
BRDA:2,0,2,0
BRDA:3,1,0,0
BRDA:3,1,1,0
BRDA:3,2,0,0
BRDA:3,2,1,0
BRDA:4,3,0,0
BRDA:4,3,1,0
BRDA:4,4,0,0
BRDA:4,4,1,0
BRDA:5,5,0,0
BRDA:5,5,1,0
BRDA:5,6,0,0
BRDA:5,6,1,0
BRDA:5,7,0,0
BRDA:5,7,1,0
BRDA:5,8,0,0
BRDA:5,8,1,0
BRDA:6,9,0,0
BRDA:6,9,1,0
BRDA:6,9,2,0
BRDA:8,10,0,0
BRDA:8,10,1,0
BRDA:8,10,2,0
BRDA:9,11,0,0
BRDA:9,11,1,0
BRDA:9,12,0,0
BRDA:9,12,1,0
BRDA:11,13,0,0
BRDA:11,13,1,0
BRDA:11,13,2,0
BRDA:26,14,0,0
BRDA:26,14,1,0
BRDA:59,15,0,0
BRDA:59,15,1,0
BRDA:62,16,0,0
BRDA:62,16,1,0
BRDA:69,17,0,0
BRDA:69,17,1,0
BRF:40
BRH:0
end_of_record
TN:
SF:dist\src\repository\postgres-order.repository.js
FN:2,(anonymous_0)
FN:8,(anonymous_1)
FN:11,(anonymous_2)
FN:12,(anonymous_3)
FN:21,(anonymous_4)
FN:24,(anonymous_5)
FN:36,(anonymous_6)
FN:40,(anonymous_7)
FN:53,(anonymous_8)
FNF:9
FNH:0
FNDA:0,(anonymous_0)
FNDA:0,(anonymous_1)
FNDA:0,(anonymous_2)
FNDA:0,(anonymous_3)
FNDA:0,(anonymous_4)
FNDA:0,(anonymous_5)
FNDA:0,(anonymous_6)
FNDA:0,(anonymous_7)
FNDA:0,(anonymous_8)
DA:2,0
DA:3,0
DA:4,0
DA:5,0
DA:6,0
DA:8,0
DA:9,0
DA:11,0
DA:12,0
DA:14,0
DA:15,0
DA:16,0
DA:17,0
DA:18,0
DA:19,0
DA:20,0
DA:22,0
DA:25,0
DA:26,0
DA:37,0
DA:40,0
DA:51,0
DA:52,0
DA:53,0
DA:56,0
DA:59,0
DA:60,0
LF:27
LH:0
BRDA:2,0,0,0
BRDA:2,0,1,0
BRDA:2,0,2,0
BRDA:3,1,0,0
BRDA:3,1,1,0
BRDA:3,2,0,0
BRDA:3,2,1,0
BRDA:4,3,0,0
BRDA:4,3,1,0
BRDA:4,4,0,0
BRDA:4,4,1,0
BRDA:5,5,0,0
BRDA:5,5,1,0
BRDA:5,6,0,0
BRDA:5,6,1,0
BRDA:5,7,0,0
BRDA:5,7,1,0
BRDA:5,8,0,0
BRDA:5,8,1,0
BRDA:6,9,0,0
BRDA:6,9,1,0
BRDA:6,9,2,0
BRDA:8,10,0,0
BRDA:8,10,1,0
BRDA:8,10,2,0
BRDA:9,11,0,0
BRDA:9,11,1,0
BRDA:9,12,0,0
BRDA:9,12,1,0
BRDA:11,13,0,0
BRDA:11,13,1,0
BRDA:11,13,2,0
BRDA:37,14,0,0
BRDA:37,14,1,0
BRDA:46,15,0,0
BRDA:46,15,1,0
BRF:36
BRH:0
end_of_record
TN:
SF:dist\src\repository\repository.module.js
FN:2,(anonymous_0)
FN:30,createRepositoryProvider
FN:33,(anonymous_2)
FN:63,(anonymous_3)
FN:78,(anonymous_4)
FNF:5
FNH:0
FNDA:0,(anonymous_0)
FNDA:0,createRepositoryProvider
FNDA:0,(anonymous_2)
FNDA:0,(anonymous_3)
FNDA:0,(anonymous_4)
DA:2,0
DA:3,0
DA:4,0
DA:5,0
DA:6,0
DA:8,0
DA:9,0
DA:10,0
DA:11,0
DA:12,0
DA:13,0
DA:14,0
DA:15,0
DA:16,0
DA:17,0
DA:18,0
DA:19,0
DA:20,0
DA:21,0
DA:22,0
DA:23,0
DA:24,0
DA:25,0
DA:26,0
DA:27,0
DA:28,0
DA:29,0
DA:31,0
DA:34,0
DA:36,0
DA:37,0
DA:39,0
DA:40,0
DA:42,0
DA:53,0
DA:55,0
DA:56,0
DA:63,0
DA:78,0
LF:39
LH:0
BRDA:2,0,0,0
BRDA:2,0,1,0
BRDA:2,0,2,0
BRDA:3,1,0,0
BRDA:3,1,1,0
BRDA:3,2,0,0
BRDA:3,2,1,0
BRDA:4,3,0,0
BRDA:4,3,1,0
BRDA:4,4,0,0
BRDA:4,4,1,0
BRDA:5,5,0,0
BRDA:5,5,1,0
BRDA:5,6,0,0
BRDA:5,6,1,0
BRDA:5,7,0,0
BRDA:5,7,1,0
BRDA:5,8,0,0
BRDA:5,8,1,0
BRDA:6,9,0,0
BRDA:6,9,1,0
BRDA:6,9,2,0
BRDA:34,10,0,0
BRDA:34,10,1,0
BRDA:34,10,2,0
BRDA:36,11,0,0
BRDA:36,11,1,0
BRDA:39,12,0,0
BRDA:39,12,1,0
BRDA:48,13,0,0
BRDA:48,13,1,0
BRDA:49,14,0,0
BRDA:49,14,1,0
BRDA:59,15,0,0
BRDA:59,15,1,0
BRDA:74,16,0,0
BRDA:74,16,1,0
BRDA:98,17,0,0
BRDA:98,17,1,0
BRDA:99,18,0,0
BRDA:99,18,1,0
BRF:41
BRH:0
end_of_record
TN:
SF:src\app.config.provider.ts
FN:14,(anonymous_0)
FNF:1
FNH:0
FNDA:0,(anonymous_0)
DA:1,0
DA:12,0
DA:15,0
DA:16,0
DA:18,0
LF:5
LH:0
BRF:0
BRH:0
end_of_record
TN:
SF:src\app.module.ts
FNF:0
FNH:0
DA:1,0
DA:2,0
DA:3,0
DA:5,0
DA:7,0
DA:8,0
DA:9,0
DA:28,0
LF:8
LH:0
BRF:0
BRH:0
end_of_record
TN:
SF:src\main.ts
FN:15,createLogger
FN:29,bootstrap
FNF:2
FNH:0
FNDA:0,createLogger
FNDA:0,bootstrap
DA:1,0
DA:2,0
DA:3,0
DA:4,0
DA:7,0
DA:8,0
DA:9,0
DA:16,0
DA:18,0
DA:20,0
DA:25,0
DA:31,0
DA:33,0
DA:37,0
DA:39,0
DA:40,0
DA:42,0
DA:44,0
DA:46,0
LF:19
LH:0
BRDA:16,0,0,0
BRDA:16,0,1,0
BRDA:16,0,2,0
BRDA:16,0,3,0
BRF:4
BRH:0
end_of_record
TN:
SF:src\films\film.repository.ts
FNF:0
FNH:0
DA:6,4
LF:1
LH:1
BRF:0
BRH:0
end_of_record
TN:
SF:src\films\films.controller.ts
FN:11,(anonymous_4)
FN:18,(anonymous_5)
FN:33,(anonymous_6)
FNF:3
FNH:3
FNDA:4,(anonymous_4)
FNDA:1,(anonymous_5)
FNDA:2,(anonymous_6)
DA:1,1
DA:2,1
DA:3,1
DA:10,1
DA:11,4
DA:18,1
DA:19,1
DA:21,1
DA:33,1
DA:36,2
DA:38,2
DA:39,1
DA:42,1
LF:13
LH:13
BRDA:38,0,0,1
BRF:1
BRH:1
end_of_record
TN:
SF:src\films\films.module.ts
FNF:0
FNH:0
DA:1,0
DA:2,0
DA:3,0
DA:4,0
DA:11,0
LF:5
LH:0
BRF:0
BRH:0
end_of_record
TN:
SF:src\films\films.service.ts
FN:7,(anonymous_4)
FN:13,(anonymous_5)
FN:18,(anonymous_6)
FNF:3
FNH:3
FNDA:4,(anonymous_4)
FNDA:1,(anonymous_5)
FNDA:2,(anonymous_6)
DA:1,2
DA:2,2
DA:6,2
DA:9,4
DA:14,1
DA:19,2
LF:6
LH:6
BRF:0
BRH:0
end_of_record
TN:
SF:src\films\dto\films.dto.ts
FNF:0
FNH:0
DA:1,1
DA:2,1
DA:5,1
DA:10,1
DA:13,1
DA:16,1
DA:22,1
DA:28,1
DA:35,1
DA:42,1
DA:48,1
DA:54,1
DA:58,1
DA:63,1
DA:69,1
DA:73,1
DA:78,1
DA:84,1
DA:90,1
DA:96,1
DA:102,1
DA:108,1
DA:114,1
DA:118,1
DA:123,1
DA:129,1
DA:133,1
DA:138,1
LF:28
LH:28
BRF:0
BRH:0
end_of_record
TN:
SF:src\films\entities\film.entity.ts
FNF:0
FNH:0
DA:1,0
DA:11,0
LF:2
LH:0
BRF:0
BRH:0
end_of_record
TN:
SF:src\films\entities\film.typeorm.entity.ts
FN:35,(anonymous_2)
FN:35,(anonymous_3)
FN:40,(anonymous_4)
FN:40,(anonymous_5)
FNF:4
FNH:0
FNDA:0,(anonymous_2)
FNDA:0,(anonymous_3)
FNDA:0,(anonymous_4)
FNDA:0,(anonymous_5)
DA:1,2
DA:2,2
DA:3,2
DA:7,2
DA:9,2
DA:12,2
DA:15,2
DA:18,2
DA:21,2
DA:24,2
DA:27,2
DA:30,2
DA:33,2
DA:35,0
DA:38,2
DA:40,0
DA:41,2
LF:17
LH:15
BRF:0
BRH:0
end_of_record
TN:
SF:src\films\entities\schedule.typeorm.entity.ts
FN:35,(anonymous_2)
FN:35,(anonymous_3)
FN:40,(anonymous_4)
FN:40,(anonymous_5)
FNF:4
FNH:0
FNDA:0,(anonymous_2)
FNDA:0,(anonymous_3)
FNDA:0,(anonymous_4)
FNDA:0,(anonymous_5)
DA:1,2
DA:8,2
DA:9,2
DA:13,2
DA:15,2
DA:18,2
DA:21,2
DA:24,2
DA:27,2
DA:30,2
DA:33,2
DA:35,0
DA:38,2
DA:40,0
DA:41,2
LF:15
LH:13
BRF:0
BRH:0
end_of_record
TN:
SF:src\films\schemas\film.schema.ts
FNF:0
FNH:0
DA:1,0
DA:2,0
DA:11,0
DA:13,0
DA:16,0
DA:19,0
DA:22,0
DA:25,0
DA:28,0
DA:31,0
DA:34,0
DA:56,0
DA:58,0
DA:61,0
DA:64,0
DA:67,0
DA:70,0
DA:73,0
DA:76,0
DA:79,0
DA:82,0
DA:86,0
LF:22
LH:0
BRF:0
BRH:0
end_of_record
TN:
SF:src\loggers\base.logger.ts
FN:27,(anonymous_1)
FN:36,(anonymous_2)
FN:45,(anonymous_3)
FN:54,(anonymous_4)
FN:66,(anonymous_5)
FNF:5
FNH:2
FNDA:5,(anonymous_1)
FNDA:3,(anonymous_2)
FNDA:0,(anonymous_3)
FNDA:0,(anonymous_4)
FNDA:0,(anonymous_5)
DA:1,2
DA:9,2
DA:28,5
DA:37,3
DA:46,0
DA:56,0
DA:57,0
DA:67,0
DA:68,0
LF:9
LH:4
BRDA:56,0,0,0
BRDA:67,1,0,0
BRF:2
BRH:0
end_of_record
TN:
SF:src\loggers\dev.logger.ts
FNF:0
FNH:0
DA:1,0
DA:4,0
LF:2
LH:0
BRF:0
BRH:0
end_of_record
TN:
SF:src\loggers\json.logger.ts
FN:12,(anonymous_1)
FNF:1
FNH:1
FNDA:4,(anonymous_1)
DA:1,1
DA:2,1
DA:5,1
DA:18,4
DA:21,4
DA:22,2
DA:31,2
LF:7
LH:7
BRDA:18,0,0,2
BRDA:18,0,1,2
BRDA:21,1,0,2
BRF:3
BRH:3
end_of_record
TN:
SF:src\loggers\tskv.logger.ts
FN:10,(anonymous_1)
FN:24,(anonymous_2)
FN:44,(anonymous_3)
FNF:3
FNH:3
FNDA:12,(anonymous_1)
FNDA:2,(anonymous_2)
FNDA:4,(anonymous_3)
DA:1,1
DA:2,1
DA:5,1
DA:11,12
DA:25,2
DA:26,2
DA:27,4
DA:28,4
DA:33,1
DA:35,3
DA:38,2
DA:50,4
DA:52,4
DA:58,4
DA:59,2
DA:62,4
DA:63,1
DA:64,1
DA:65,1
DA:67,3
DA:68,1
DA:70,2
DA:73,4
LF:23
LH:23
BRDA:24,0,0,1
BRDA:27,1,0,2
BRDA:27,1,1,2
BRDA:28,2,0,1
BRDA:28,2,1,3
BRDA:29,3,0,4
BRDA:29,3,1,1
BRDA:29,3,2,1
BRDA:50,4,0,2
BRDA:50,4,1,2
BRDA:58,5,0,2
BRDA:62,6,0,1
BRDA:62,6,1,3
BRDA:64,7,0,1
BRDA:67,8,0,1
BRDA:67,8,1,2
BRDA:67,9,0,3
BRDA:67,9,1,1
BRF:18
BRH:18
end_of_record
TN:
SF:src\order\order.controller.ts
FN:7,(anonymous_4)
FN:10,(anonymous_5)
FNF:2
FNH:2
FNDA:2,(anonymous_4)
FNDA:1,(anonymous_5)
DA:1,1
DA:2,1
DA:3,1
DA:6,1
DA:7,2
DA:10,1
DA:13,1
DA:15,1
LF:8
LH:8
BRF:0
BRH:0
end_of_record
TN:
SF:src\order\order.module.ts
FNF:0
FNH:0
DA:1,0
DA:2,0
DA:3,0
DA:4,0
DA:5,0
DA:7,0
DA:17,0
LF:7
LH:0
BRDA:12,0,0,0
BRDA:12,0,1,0
BRF:2
BRH:0
end_of_record
TN:
SF:src\order\order.repository.ts
FNF:0
FNH:0
DA:6,2
LF:1
LH:1
BRF:0
BRH:0
end_of_record
TN:
SF:src\order\order.service.ts
FN:20,(anonymous_4)
FN:31,(anonymous_5)
FN:43,(anonymous_6)
FN:48,(anonymous_7)
FN:50,(anonymous_8)
FN:67,(anonymous_9)
FN:85,(anonymous_10)
FN:99,(anonymous_11)
FN:114,(anonymous_12)
FN:128,(anonymous_13)
FN:145,(anonymous_14)
FNF:11
FNH:11
FNDA:8,(anonymous_4)
FNDA:8,(anonymous_5)
FNDA:4,(anonymous_6)
FNDA:4,(anonymous_7)
FNDA:4,(anonymous_8)
FNDA:2,(anonymous_9)
FNDA:1,(anonymous_10)
FNDA:1,(anonymous_11)
FNDA:4,(anonymous_12)
FNDA:3,(anonymous_13)
FNDA:1,(anonymous_14)
DA:1,2
DA:8,2
DA:11,2
DA:12,2
DA:13,2
DA:15,2
DA:16,2
DA:19,2
DA:21,8
DA:22,8
DA:24,8
DA:25,8
DA:32,8
DA:33,4
DA:36,4
DA:46,4
DA:48,4
DA:49,4
DA:50,4
DA:53,4
DA:54,4
DA:59,4
DA:60,1
DA:62,3
DA:63,1
DA:67,2
DA:70,2
DA:71,2
DA:72,2
DA:74,2
DA:75,1
DA:78,1
DA:82,1
DA:85,1
DA:86,1
DA:96,1
DA:99,1
DA:117,4
DA:118,4
DA:121,4
DA:123,4
DA:124,1
DA:128,3
DA:131,3
DA:132,3
DA:133,3
DA:135,3
DA:136,1
DA:139,2
DA:140,1
DA:145,1
DA:154,1
DA:160,1
DA:161,1
DA:163,1
DA:164,1
DA:169,1
DA:170,1
LF:58
LH:58
BRDA:32,0,0,4
BRDA:32,1,0,8
BRDA:32,1,1,4
BRDA:59,2,0,1
BRDA:62,3,0,1
BRDA:74,4,0,1
BRDA:123,5,0,1
BRDA:135,6,0,1
BRDA:139,7,0,1
BRDA:163,8,0,1
BRF:10
BRH:10
end_of_record
TN:
SF:src\order\dto\order.dto.ts
FN:99,(anonymous_2)
FNF:1
FNH:0
FNDA:0,(anonymous_2)
DA:1,1
DA:2,1
DA:3,1
DA:21,1
DA:27,1
DA:35,1
DA:46,1
DA:54,1
DA:62,1
DA:70,1
DA:76,1
DA:83,1
DA:94,1
DA:99,0
DA:100,1
DA:106,1
DA:108,1
DA:111,1
DA:114,1
DA:117,1
DA:120,1
DA:123,1
DA:126,1
DA:132,1
DA:137,1
DA:143,1
LF:26
LH:25
BRF:0
BRH:0
end_of_record
TN:
SF:src\order\entities\order.entity.ts
FNF:0
FNH:0
DA:1,0
LF:1
LH:0
BRF:0
BRH:0
end_of_record
TN:
SF:src\order\entities\order.typeorm.entity.ts
FN:32,(anonymous_2)
FN:32,(anonymous_3)
FN:38,(anonymous_4)
FN:38,(anonymous_5)
FNF:4
FNH:0
FNDA:0,(anonymous_2)
FNDA:0,(anonymous_3)
FNDA:0,(anonymous_4)
FNDA:0,(anonymous_5)
DA:1,2
DA:9,2
DA:10,2
DA:13,2
DA:15,2
DA:18,2
DA:21,2
DA:24,2
DA:27,2
DA:30,2
DA:32,0
DA:36,2
DA:38,0
DA:42,2
DA:45,2
LF:15
LH:13
BRF:0
BRH:0
end_of_record
TN:
SF:src\order\schemas\order.schema.ts
FNF:0
FNH:0
DA:1,0
DA:19,0
DA:24,0
DA:27,0
DA:30,0
DA:33,0
DA:36,0
DA:39,0
DA:43,0
LF:9
LH:0
BRF:0
BRH:0
end_of_record
TN:
SF:src\repository\in-memory-film.repository.ts
FN:11,(anonymous_2)
FN:23,(anonymous_3)
FN:32,(anonymous_4)
FN:33,(anonymous_5)
FN:43,(anonymous_6)
FN:44,(anonymous_7)
FNF:6
FNH:0
FNDA:0,(anonymous_2)
FNDA:0,(anonymous_3)
FNDA:0,(anonymous_4)
FNDA:0,(anonymous_5)
FNDA:0,(anonymous_6)
FNDA:0,(anonymous_7)
DA:1,0
DA:3,0
DA:11,0
DA:17,0
DA:25,0
DA:33,0
DA:36,0
DA:44,0
DA:46,0
DA:47,0
DA:50,0
DA:52,0
LF:12
LH:0
BRDA:36,0,0,0
BRDA:36,0,1,0
BRDA:46,1,0,0
BRF:3
BRH:0
end_of_record
TN:
SF:src\repository\in-memory-order.repository.ts
FN:7,(anonymous_1)
FN:17,(anonymous_2)
FN:18,(anonymous_3)
FNF:3
FNH:0
FNDA:0,(anonymous_1)
FNDA:0,(anonymous_2)
FNDA:0,(anonymous_3)
DA:1,0
DA:4,0
DA:7,0
DA:9,0
DA:18,0
DA:23,0
DA:26,0
LF:7
LH:0
BRF:0
BRH:0
end_of_record
TN:
SF:src\repository\mongo-film.repository.ts
FN:10,(anonymous_4)
FN:21,(anonymous_5)
FN:35,(anonymous_6)
FN:42,(anonymous_7)
FN:52,(anonymous_8)
FN:62,(anonymous_9)
FNF:6
FNH:0
FNDA:0,(anonymous_4)
FNDA:0,(anonymous_5)
FNDA:0,(anonymous_6)
FNDA:0,(anonymous_7)
FNDA:0,(anonymous_8)
FNDA:0,(anonymous_9)
DA:1,0
DA:2,0
DA:3,0
DA:6,0
DA:9,0
DA:13,0
DA:22,0
DA:35,0
DA:43,0
DA:45,0
DA:53,0
DA:55,0
DA:65,0
DA:69,0
LF:14
LH:0
BRDA:55,0,0,0
BRDA:55,0,1,0
BRF:2
BRH:0
end_of_record
TN:
SF:src\repository\mongo-order.repository.ts
FN:10,(anonymous_4)
FN:17,(anonymous_5)
FN:33,(anonymous_6)
FNF:3
FNH:0
FNDA:0,(anonymous_4)
FNDA:0,(anonymous_5)
FNDA:0,(anonymous_6)
DA:1,0
DA:2,0
DA:3,0
DA:6,0
DA:9,0
DA:11,0
DA:18,0
DA:36,0
DA:38,0
LF:9
LH:0
BRF:0
BRH:0
end_of_record
TN:
SF:src\repository\postgres-film.repository.ts
FN:10,(anonymous_4)
FN:18,(anonymous_5)
FN:31,(anonymous_6)
FN:59,(anonymous_7)
FN:68,(anonymous_8)
FN:81,(anonymous_9)
FNF:6
FNH:0
FNDA:0,(anonymous_4)
FNDA:0,(anonymous_5)
FNDA:0,(anonymous_6)
FNDA:0,(anonymous_7)
FNDA:0,(anonymous_8)
FNDA:0,(anonymous_9)
DA:1,0
DA:2,0
DA:3,0
DA:4,0
DA:9,0
DA:12,0
DA:29,0
DA:30,0
DA:31,0
DA:42,0
DA:60,0
DA:62,0
DA:69,0
DA:74,0
DA:85,0
DA:90,0
DA:95,0
DA:96,0
DA:99,0
DA:101,0
LF:20
LH:0
BRDA:30,0,0,0
BRDA:30,0,1,0
BRDA:74,1,0,0
BRDA:74,1,1,0
BRDA:85,2,0,0
BRDA:85,2,1,0
BRDA:95,3,0,0
BRF:7
BRH:0
end_of_record
TN:
SF:src\repository\postgres-order.repository.ts
FN:12,(anonymous_4)
FN:20,(anonymous_5)
FN:37,(anonymous_6)
FN:46,(anonymous_7)
FN:64,(anonymous_8)
FNF:5
FNH:0
FNDA:0,(anonymous_4)
FNDA:0,(anonymous_5)
FNDA:0,(anonymous_6)
FNDA:0,(anonymous_7)
FNDA:0,(anonymous_8)
DA:1,0
DA:2,0
DA:3,0
DA:8,0
DA:11,0
DA:14,0
DA:21,0
DA:23,0
DA:42,0
DA:46,0
DA:47,0
DA:60,0
DA:63,0
DA:64,0
DA:68,0
LF:15
LH:0
BRDA:42,0,0,0
BRDA:42,0,1,0
BRDA:53,1,0,0
BRDA:53,1,1,0
BRF:4
BRH:0
end_of_record
TN:
SF:src\repository\repository.module.ts
FN:47,createRepositoryProvider
FN:55,(anonymous_2)
FN:91,(anonymous_3)
FN:107,(anonymous_4)
FNF:4
FNH:0
FNDA:0,createRepositoryProvider
FNDA:0,(anonymous_2)
FNDA:0,(anonymous_3)
FNDA:0,(anonymous_4)
DA:1,0
DA:2,0
DA:3,0
DA:4,0
DA:5,0
DA:8,0
DA:9,0
DA:12,0
DA:13,0
DA:14,0
DA:15,0
DA:18,0
DA:19,0
DA:22,0
DA:23,0
DA:24,0
DA:25,0
DA:26,0
DA:34,0
DA:35,0
DA:53,0
DA:61,0
DA:63,0
DA:65,0
DA:67,0
DA:91,0
DA:107,0
DA:148,0
LF:28
LH:0
BRDA:61,0,0,0
BRDA:61,0,1,0
BRDA:61,0,2,0
BRDA:63,1,0,0
BRDA:65,2,0,0
BRDA:73,3,0,0
BRDA:73,3,1,0
BRDA:74,4,0,0
BRDA:74,4,1,0
BRDA:87,5,0,0
BRDA:87,5,1,0
BRDA:103,6,0,0
BRDA:103,6,1,0
BRDA:128,7,0,0
BRDA:128,7,1,0
BRDA:129,8,0,0
BRDA:129,8,1,0
BRF:17
BRH:0
end_of_record
